{"numTotalTestSuites":54,"numPassedTestSuites":49,"numFailedTestSuites":5,"numPendingTestSuites":0,"numTotalTests":156,"numPassedTests":152,"numFailedTests":4,"numPendingTests":0,"numTodoTests":0,"snapshot":{"added":0,"failure":false,"filesAdded":0,"filesRemoved":0,"filesRemovedList":[],"filesUnmatched":0,"filesUpdated":0,"matched":0,"total":0,"unchecked":0,"uncheckedKeysByFile":[],"unmatched":0,"updated":0,"didUpdate":false},"startTime":1789129784725,"success":false,"testResults":[{"assertionResults":[{"ancestorTitles":["Deviation-angle calculation flags beyond vs. within threshold (T-006)"],"fullName":"Deviation-angle calculation flags beyond vs. within threshold (T-006) angleBetweenDegrees returns 0 for identical unit vectors","status":"passed","title":"angleBetweenDegrees returns 0 for identical unit vectors","duration":2.167500000000018,"failureMessages":[],"meta":{},"tags":[]},{"ancestorTitles":["Deviation-angle calculation flags beyond vs. within threshold (T-006)"],"fullName":"Deviation-angle calculation flags beyond vs. within threshold (T-006) angleBetweenDegrees returns 90 for perpendicular unit vectors","status":"passed","title":"angleBetweenDegrees returns 90 for perpendicular unit vectors","duration":0.25309999999990396,"failureMessages":[],"meta":{},"tags":[]},{"ancestorTitles":["Deviation-angle calculation flags beyond vs. within threshold (T-006)"],"fullName":"Deviation-angle calculation flags beyond vs. within threshold (T-006) angleBetweenDegrees returns 180 for opposite unit vectors","status":"passed","title":"angleBetweenDegrees returns 180 for opposite unit vectors","duration":0.24099999999998545,"failureMessages":[],"meta":{},"tags":[]},{"ancestorTitles":["Deviation-angle calculation flags beyond vs. within threshold (T-006)"],"fullName":"Deviation-angle calculation flags beyond vs. within threshold (T-006) computeDragDirection returns null for windows shorter than one usable delta","status":"passed","title":"computeDragDirection returns null for windows shorter than one usable delta","duration":0.4543999999996231,"failureMessages":[],"meta":{},"tags":[]},{"ancestorTitles":["Deviation-angle calculation flags beyond vs. within threshold (T-006)"],"fullName":"Deviation-angle calculation flags beyond vs. within threshold (T-006) computeDragDirection returns a unit vector aligned with the ideal for a straight trace","status":"passed","title":"computeDragDirection returns a unit vector aligned with the ideal for a straight trace","duration":0.5110999999997148,"failureMessages":[],"meta":{},"tags":[]},{"ancestorTitles":["Deviation-angle calculation flags beyond vs. within threshold (T-006)"],"fullName":"Deviation-angle calculation flags beyond vs. within threshold (T-006) angle between a right-drag and a ~44-degree drag stays within the 45-degree threshold","status":"passed","title":"angle between a right-drag and a ~44-degree drag stays within the 45-degree threshold","duration":0.38560000000006767,"failureMessages":[],"meta":{},"tags":[]},{"ancestorTitles":["Deviation-angle calculation flags beyond vs. within threshold (T-006)"],"fullName":"Deviation-angle calculation flags beyond vs. within threshold (T-006) angle between a right-drag and a 60-degree drag exceeds the 45-degree threshold","status":"passed","title":"angle between a right-drag and a 60-degree drag exceeds the 45-degree threshold","duration":0.2925000000000182,"failureMessages":[],"meta":{},"tags":[]},{"ancestorTitles":["Deviation past threshold cancels the trace (T-007)"],"fullName":"Deviation past threshold cancels the trace (T-007) emits deviation-reset when the drag drifts beyond the threshold inside the box","status":"passed","title":"emits deviation-reset when the drag drifts beyond the threshold inside the box","duration":1.1514000000001943,"failureMessages":[],"meta":{},"tags":[]},{"ancestorTitles":["Deviation past threshold cancels the trace (T-007)"],"fullName":"Deviation past threshold cancels the trace (T-007) does not cancel when the entire trace stays aligned with the ideal vector","status":"passed","title":"does not cancel when the entire trace stays aligned with the ideal vector","duration":0.22820000000001528,"failureMessages":[],"meta":{},"tags":[]},{"ancestorTitles":["Boundary-box exit after >=80% pre-finger-up coverage still resets (T-008)"],"fullName":"Boundary-box exit after >=80% pre-finger-up coverage still resets (T-008) returns exit-box even when coverage has already reached 80%+","status":"passed","title":"returns exit-box even when coverage has already reached 80%+","duration":0.2681999999999789,"failureMessages":[],"meta":{},"tags":[]},{"ancestorTitles":["Boundary-box exit after >=80% pre-finger-up coverage still resets (T-008)"],"fullName":"Boundary-box exit after >=80% pre-finger-up coverage still resets (T-008) returns exit-box even on finger-up when >=80% coverage was reached before the exit","status":"passed","title":"returns exit-box even on finger-up when >=80% coverage was reached before the exit","duration":0.1617999999998574,"failureMessages":[],"meta":{},"tags":[]},{"ancestorTitles":["Natural curves under the threshold do not cancel (regression)"],"fullName":"Natural curves under the threshold do not cancel (regression) completes a gentle arc that peaks near the box edge","status":"passed","title":"completes a gentle arc that peaks near the box edge","duration":0.22379999999975553,"failureMessages":[],"meta":{},"tags":[]},{"ancestorTitles":["Natural curves under the threshold do not cancel (regression)"],"fullName":"Natural curves under the threshold do not cancel (regression) does not cancel when jitter earlier in the trace produced a locally noisy direction, if the current tail is aligned","status":"passed","title":"does not cancel when jitter earlier in the trace produced a locally noisy direction, if the current tail is aligned","duration":0.16260000000011132,"failureMessages":[],"meta":{},"tags":[]},{"ancestorTitles":["Curve segments cancel zigzags and backtracking"],"fullName":"Curve segments cancel zigzags and backtracking emits deviation-reset on a large off-tangent motion inside the curve boundary","status":"failed","title":"emits deviation-reset on a large off-tangent motion inside the curve boundary","duration":9.599499999999807,"failureMessages":["AssertionError: expected 'exit-box' to be 'deviation-reset' // Object.is equality\n    at C:/Users/ambhjelmervik/Documents/Projects/CuriousLearning/TracingGame/src/modules/tracing/__tests__/deviation.test.ts:188:22\n    at file:///C:/Users/ambhjelmervik/Documents/Projects/CuriousLearning/TracingGame/node_modules/@vitest/runner/dist/chunk-artifact.js:302:11\n    at file:///C:/Users/ambhjelmervik/Documents/Projects/CuriousLearning/TracingGame/node_modules/@vitest/runner/dist/chunk-artifact.js:1903:26\n    at file:///C:/Users/ambhjelmervik/Documents/Projects/CuriousLearning/TracingGame/node_modules/@vitest/runner/dist/chunk-artifact.js:2326:20\n    at new Promise (<anonymous>)\n    at runWithCancel (file:///C:/Users/ambhjelmervik/Documents/Projects/CuriousLearning/TracingGame/node_modules/@vitest/runner/dist/chunk-artifact.js:2323:10)\n    at file:///C:/Users/ambhjelmervik/Documents/Projects/CuriousLearning/TracingGame/node_modules/@vitest/runner/dist/chunk-artifact.js:2305:20\n    at new Promise (<anonymous>)\n    at runWithTimeout (file:///C:/Users/ambhjelmervik/Documents/Projects/CuriousLearning/TracingGame/node_modules/@vitest/runner/dist/chunk-artifact.js:2272:10)\n    at file:///C:/Users/ambhjelmervik/Documents/Projects/CuriousLearning/TracingGame/node_modules/@vitest/runner/dist/chunk-artifact.js:2956:64"],"meta":{},"tags":[]},{"ancestorTitles":["Curve segments cancel zigzags and backtracking"],"fullName":"Curve segments cancel zigzags and backtracking emits deviation-reset when the child moves backward along the curve","status":"failed","title":"emits deviation-reset when the child moves backward along the curve","duration":1.6089999999999236,"failureMessages":["AssertionError: expected 'exit-box' to be 'deviation-reset' // Object.is equality\n    at C:/Users/ambhjelmervik/Documents/Projects/CuriousLearning/TracingGame/src/modules/tracing/__tests__/deviation.test.ts:201:22\n    at file:///C:/Users/ambhjelmervik/Documents/Projects/CuriousLearning/TracingGame/node_modules/@vitest/runner/dist/chunk-artifact.js:302:11\n    at file:///C:/Users/ambhjelmervik/Documents/Projects/CuriousLearning/TracingGame/node_modules/@vitest/runner/dist/chunk-artifact.js:1903:26\n    at file:///C:/Users/ambhjelmervik/Documents/Projects/CuriousLearning/TracingGame/node_modules/@vitest/runner/dist/chunk-artifact.js:2326:20\n    at new Promise (<anonymous>)\n    at runWithCancel (file:///C:/Users/ambhjelmervik/Documents/Projects/CuriousLearning/TracingGame/node_modules/@vitest/runner/dist/chunk-artifact.js:2323:10)\n    at file:///C:/Users/ambhjelmervik/Documents/Projects/CuriousLearning/TracingGame/node_modules/@vitest/runner/dist/chunk-artifact.js:2305:20\n    at new Promise (<anonymous>)\n    at runWithTimeout (file:///C:/Users/ambhjelmervik/Documents/Projects/CuriousLearning/TracingGame/node_modules/@vitest/runner/dist/chunk-artifact.js:2272:10)\n    at file:///C:/Users/ambhjelmervik/Documents/Projects/CuriousLearning/TracingGame/node_modules/@vitest/runner/dist/chunk-artifact.js:2956:64"],"meta":{},"tags":[]}],"startTime":1789129787267,"endTime":1789129787285.609,"status":"failed","message":"","name":"C:/Users/ambhjelmervik/Documents/Projects/CuriousLearning/TracingGame/src/modules/tracing/__tests__/deviation.test.ts"},{"assertionResults":[{"ancestorTitles":["projectPointOntoSegment"],"fullName":"projectPointOntoSegment returns 0 at start","status":"passed","title":"returns 0 at start","duration":1.8135999999999513,"failureMessages":[],"meta":{},"tags":[]},{"ancestorTitles":["projectPointOntoSegment"],"fullName":"projectPointOntoSegment returns 1 at end","status":"passed","title":"returns 1 at end","duration":0.2114000000001397,"failureMessages":[],"meta":{},"tags":[]},{"ancestorTitles":["projectPointOntoSegment"],"fullName":"projectPointOntoSegment returns 0.5 at midpoint","status":"passed","title":"returns 0.5 at midpoint","duration":0.21720000000004802,"failureMessages":[],"meta":{},"tags":[]},{"ancestorTitles":["projectPointOntoSegment"],"fullName":"projectPointOntoSegment clamps points beyond ends to [0,1]","status":"passed","title":"clamps points beyond ends to [0,1]","duration":0.18170000000009168,"failureMessages":[],"meta":{},"tags":[]},{"ancestorTitles":["computeCoverage (T-001)"],"fullName":"computeCoverage (T-001) returns 0 for empty path","status":"passed","title":"returns 0 for empty path","duration":0.284099999999853,"failureMessages":[],"meta":{},"tags":[]},{"ancestorTitles":["computeCoverage (T-001)"],"fullName":"computeCoverage (T-001) computes 0% coverage from a synthetic path along the vector","status":"passed","title":"computes 0% coverage from a synthetic path along the vector","duration":0.2964999999999236,"failureMessages":[],"meta":{},"tags":[]},{"ancestorTitles":["computeCoverage (T-001)"],"fullName":"computeCoverage (T-001) computes 50% coverage from a synthetic path along the vector","status":"passed","title":"computes 50% coverage from a synthetic path along the vector","duration":0.15889999999990323,"failureMessages":[],"meta":{},"tags":[]},{"ancestorTitles":["computeCoverage (T-001)"],"fullName":"computeCoverage (T-001) computes 80% coverage from a synthetic path along the vector","status":"passed","title":"computes 80% coverage from a synthetic path along the vector","duration":0.23270000000002256,"failureMessages":[],"meta":{},"tags":[]},{"ancestorTitles":["computeCoverage (T-001)"],"fullName":"computeCoverage (T-001) computes 100% coverage from a synthetic path along the vector","status":"passed","title":"computes 100% coverage from a synthetic path along the vector","duration":0.223700000000008,"failureMessages":[],"meta":{},"tags":[]},{"ancestorTitles":["computeCoverage (T-001)"],"fullName":"computeCoverage (T-001) takes the max projected t (irregular paths that backtrack)","status":"passed","title":"takes the max projected t (irregular paths that backtrack)","duration":0.3154999999997017,"failureMessages":[],"meta":{},"tags":[]},{"ancestorTitles":["boundary box containment (T-002)"],"fullName":"boundary box containment (T-002) box extends by padding on all sides and past both ends (horizontal segment)","status":"passed","title":"box extends by padding on all sides and past both ends (horizontal segment)","duration":0.41249999999990905,"failureMessages":[],"meta":{},"tags":[]},{"ancestorTitles":["boundary box containment (T-002)"],"fullName":"boundary box containment (T-002) classifies interior points as inside","status":"passed","title":"classifies interior points as inside","duration":0.45380000000022847,"failureMessages":[],"meta":{},"tags":[]},{"ancestorTitles":["boundary box containment (T-002)"],"fullName":"boundary box containment (T-002) classifies out-of-box points as outside","status":"passed","title":"classifies out-of-box points as outside","duration":0.30969999999979336,"failureMessages":[],"meta":{},"tags":[]},{"ancestorTitles":["boundary box containment (T-002)"],"fullName":"boundary box containment (T-002) works for a diagonal segment (perpendicular check is oriented)","status":"passed","title":"works for a diagonal segment (perpendicular check is oriented)","duration":0.3225000000002183,"failureMessages":[],"meta":{},"tags":[]},{"ancestorTitles":["boundary box containment (T-002)"],"fullName":"boundary box containment (T-002) respects per-segment boundaryHalfWidth override","status":"passed","title":"respects per-segment boundaryHalfWidth override","duration":0.2142999999996391,"failureMessages":[],"meta":{},"tags":[]},{"ancestorTitles":["boundary box containment (T-002)"],"fullName":"boundary box containment (T-002) uses curve distance for curved segments","status":"failed","title":"uses curve distance for curved segments","duration":9.514799999999923,"failureMessages":["AssertionError: expected false to be true // Object.is equality\n    at C:/Users/ambhjelmervik/Documents/Projects/CuriousLearning/TracingGame/src/modules/tracing/__tests__/geometry.test.ts:151:54\n    at file:///C:/Users/ambhjelmervik/Documents/Projects/CuriousLearning/TracingGame/node_modules/@vitest/runner/dist/chunk-artifact.js:302:11\n    at file:///C:/Users/ambhjelmervik/Documents/Projects/CuriousLearning/TracingGame/node_modules/@vitest/runner/dist/chunk-artifact.js:1903:26\n    at file:///C:/Users/ambhjelmervik/Documents/Projects/CuriousLearning/TracingGame/node_modules/@vitest/runner/dist/chunk-artifact.js:2326:20\n    at new Promise (<anonymous>)\n    at runWithCancel (file:///C:/Users/ambhjelmervik/Documents/Projects/CuriousLearning/TracingGame/node_modules/@vitest/runner/dist/chunk-artifact.js:2323:10)\n    at file:///C:/Users/ambhjelmervik/Documents/Projects/CuriousLearning/TracingGame/node_modules/@vitest/runner/dist/chunk-artifact.js:2305:20\n    at new Promise (<anonymous>)\n    at runWithTimeout (file:///C:/Users/ambhjelmervik/Documents/Projects/CuriousLearning/TracingGame/node_modules/@vitest/runner/dist/chunk-artifact.js:2272:10)\n    at file:///C:/Users/ambhjelmervik/Documents/Projects/CuriousLearning/TracingGame/node_modules/@vitest/runner/dist/chunk-artifact.js:2956:64"],"meta":{},"tags":[]},{"ancestorTitles":["curve projection"],"fullName":"curve projection projects points along the curve and reaches near-complete coverage","status":"failed","title":"projects points along the curve and reaches near-complete coverage","duration":1.1813999999999396,"failureMessages":["AssertionError: expected 0.6459974954493134 to be greater than 0.85\n    at C:/Users/ambhjelmervik/Documents/Projects/CuriousLearning/TracingGame/src/modules/tracing/__tests__/geometry.test.ts:165:41\n    at file:///C:/Users/ambhjelmervik/Documents/Projects/CuriousLearning/TracingGame/node_modules/@vitest/runner/dist/chunk-artifact.js:302:11\n    at file:///C:/Users/ambhjelmervik/Documents/Projects/CuriousLearning/TracingGame/node_modules/@vitest/runner/dist/chunk-artifact.js:1903:26\n    at file:///C:/Users/ambhjelmervik/Documents/Projects/CuriousLearning/TracingGame/node_modules/@vitest/runner/dist/chunk-artifact.js:2326:20\n    at new Promise (<anonymous>)\n    at runWithCancel (file:///C:/Users/ambhjelmervik/Documents/Projects/CuriousLearning/TracingGame/node_modules/@vitest/runner/dist/chunk-artifact.js:2323:10)\n    at file:///C:/Users/ambhjelmervik/Documents/Projects/CuriousLearning/TracingGame/node_modules/@vitest/runner/dist/chunk-artifact.js:2305:20\n    at new Promise (<anonymous>)\n    at runWithTimeout (file:///C:/Users/ambhjelmervik/Documents/Projects/CuriousLearning/TracingGame/node_modules/@vitest/runner/dist/chunk-artifact.js:2272:10)\n    at file:///C:/Users/ambhjelmervik/Documents/Projects/CuriousLearning/TracingGame/node_modules/@vitest/runner/dist/chunk-artifact.js:2956:64"],"meta":{},"tags":[]},{"ancestorTitles":["curve projection"],"fullName":"curve projection does not award near-complete oval coverage when only start and end markers are touched","status":"passed","title":"does not award near-complete oval coverage when only start and end markers are touched","duration":0.4938000000001921,"failureMessages":[],"meta":{},"tags":[]},{"ancestorTitles":["curve projection"],"fullName":"curve projection still reaches high oval coverage when tracing around the loop","status":"passed","title":"still reaches high oval coverage when tracing around the loop","duration":1.5264999999999418,"failureMessages":[],"meta":{},"tags":[]}],"startTime":1789129787272,"endTime":1789129787290.5266,"status":"failed","message":"","name":"C:/Users/ambhjelmervik/Documents/Projects/CuriousLearning/TracingGame/src/modules/tracing/__tests__/geometry.test.ts"},{"assertionResults":[{"ancestorTitles":["segment complete on finger-up when coverage >= 80% (T-003)"],"fullName":"segment complete on finger-up when coverage >= 80% (T-003) marks complete at exactly 80%","status":"passed","title":"marks complete at exactly 80%","duration":3.485700000000179,"failureMessages":[],"meta":{},"tags":[]},{"ancestorTitles":["segment complete on finger-up when coverage >= 80% (T-003)"],"fullName":"segment complete on finger-up when coverage >= 80% (T-003) marks complete at 100%","status":"passed","title":"marks complete at 100%","duration":0.38229999999975917,"failureMessages":[],"meta":{},"tags":[]},{"ancestorTitles":["segment resets on finger-up when coverage < 80% (T-004)"],"fullName":"segment resets on finger-up when coverage < 80% (T-004) resets at 50%","status":"passed","title":"resets at 50%","duration":0.30150000000003274,"failureMessages":[],"meta":{},"tags":[]},{"ancestorTitles":["segment resets on finger-up when coverage < 80% (T-004)"],"fullName":"segment resets on finger-up when coverage < 80% (T-004) resets just below 80%","status":"passed","title":"resets just below 80%","duration":0.21860000000015134,"failureMessages":[],"meta":{},"tags":[]},{"ancestorTitles":["segment resets immediately on boundary-box exit (T-005)"],"fullName":"segment resets immediately on boundary-box exit (T-005) returns exit-box before finger-up, at the point of departure","status":"passed","title":"returns exit-box before finger-up, at the point of departure","duration":0.34260000000040236,"failureMessages":[],"meta":{},"tags":[]},{"ancestorTitles":["segment resets immediately on boundary-box exit (T-005)"],"fullName":"segment resets immediately on boundary-box exit (T-005) returns exit-box even on finger-up (does not defer to 80% check)","status":"passed","title":"returns exit-box even on finger-up (does not defer to 80% check)","duration":0.26390000000037617,"failureMessages":[],"meta":{},"tags":[]}],"startTime":1789129787265,"endTime":1789129787270.3425,"status":"passed","message":"","name":"C:/Users/ambhjelmervik/Documents/Projects/CuriousLearning/TracingGame/src/modules/tracing/__tests__/scoring.test.ts"},{"assertionResults":[{"ancestorTitles":["TracingScreen smoke test — every letter renders (task 003)"],"fullName":"TracingScreen smoke test — every letter renders (task 003) renders each letter's start/end/arrow markers when navigated to","status":"passed","title":"renders each letter's start/end/arrow markers when navigated to","duration":170.54109999999991,"failureMessages":[],"meta":{},"tags":[]}],"startTime":1789129787540,"endTime":1789129787710.541,"status":"passed","message":"","name":"C:/Users/ambhjelmervik/Documents/Projects/CuriousLearning/TracingGame/src/modules/tracing/__tests__/TracingScreen.alphabet.test.tsx"},{"assertionResults":[{"ancestorTitles":["Tracing screen renders start/direction/end markers (T-009)"],"fullName":"Tracing screen renders start/direction/end markers (T-009) renders SegmentGuide markers for the current segment","status":"passed","title":"renders SegmentGuide markers for the current segment","duration":66.16249999999991,"failureMessages":[],"meta":{},"tags":[]},{"ancestorTitles":["Next/Previous cycle through letters (T-010)"],"fullName":"Next/Previous cycle through letters (T-010) advances forward through every letter and wraps to first","status":"passed","title":"advances forward through every letter and wraps to first","duration":22.200400000000172,"failureMessages":[],"meta":{},"tags":[]},{"ancestorTitles":["Next/Previous cycle through letters (T-010)"],"fullName":"Next/Previous cycle through letters (T-010) previous from first wraps to last, then walks backward","status":"passed","title":"previous from first wraps to last, then walks backward","duration":15.857499999999618,"failureMessages":[],"meta":{},"tags":[]},{"ancestorTitles":["Celebration triggers exactly once on letter completion (T-013)"],"fullName":"Celebration triggers exactly once on letter completion (T-013) shows celebration after tracing all segments to >=80%","status":"passed","title":"shows celebration after tracing all segments to >=80%","duration":35.00480000000016,"failureMessages":[],"meta":{},"tags":[]},{"ancestorTitles":["Happy-path full letter trace (T-014)"],"fullName":"Happy-path full letter trace (T-014) traces every segment of a multi-segment letter and reaches letter-complete","status":"passed","title":"traces every segment of a multi-segment letter and reaches letter-complete","duration":35.172199999999975,"failureMessages":[],"meta":{},"tags":[]},{"ancestorTitles":["Boundary-box exit resets the current segment"],"fullName":"Boundary-box exit resets the current segment stops feedback and returns to awaiting-start (via segment-reset)","status":"passed","title":"stops feedback and returns to awaiting-start (via segment-reset)","duration":8.731399999999667,"failureMessages":[],"meta":{},"tags":[]},{"ancestorTitles":["Deviation past threshold cancels the trace (M2)"],"fullName":"Deviation past threshold cancels the trace (M2) resets the segment on steep drift inside the box (feedback stops immediately)","status":"passed","title":"resets the segment on steep drift inside the box (feedback stops immediately)","duration":15.303800000000138,"failureMessages":[],"meta":{},"tags":[]},{"ancestorTitles":["Segment must start at the green start marker"],"fullName":"Segment must start at the green start marker ignores a pointer-down that lands on the line but away from the start point","status":"passed","title":"ignores a pointer-down that lands on the line but away from the start point","duration":4.805499999999938,"failureMessages":[],"meta":{},"tags":[]},{"ancestorTitles":["Segment must start at the green start marker"],"fullName":"Segment must start at the green start marker accepts a pointer-down within the forgiveness radius of the start point","status":"passed","title":"accepts a pointer-down within the forgiveness radius of the start point","duration":7.612600000000384,"failureMessages":[],"meta":{},"tags":[]},{"ancestorTitles":["Segment auto-completes when the trace reaches the end region"],"fullName":"Segment auto-completes when the trace reaches the end region transitions to segment-complete without a pointer-up when the pointer enters the end region","status":"passed","title":"transitions to segment-complete without a pointer-up when the pointer enters the end region","duration":17.707400000000234,"failureMessages":[],"meta":{},"tags":[]}],"startTime":1789129787410,"endTime":1789129787638.7075,"status":"passed","message":"","name":"C:/Users/ambhjelmervik/Documents/Projects/CuriousLearning/TracingGame/src/modules/tracing/__tests__/TracingScreen.test.tsx"},{"assertionResults":[{"ancestorTitles":["letterSegments invariants (task 003)"],"fullName":"letterSegments invariants (task 003) exports 26 letters covering A-Z alphabetically","status":"passed","title":"exports 26 letters covering A-Z alphabetically","duration":3.4268999999999323,"failureMessages":[],"meta":{},"tags":[]},{"ancestorTitles":["letterSegments invariants (task 003)","letter A"],"fullName":"letterSegments invariants (task 003) letter A has non-empty id and displayLabel","status":"passed","title":"has non-empty id and displayLabel","duration":0.2888999999995576,"failureMessages":[],"meta":{},"tags":[]},{"ancestorTitles":["letterSegments invariants (task 003)","letter A"],"fullName":"letterSegments invariants (task 003) letter A has at least one segment","status":"passed","title":"has at least one segment","duration":0.17880000000013752,"failureMessages":[],"meta":{},"tags":[]},{"ancestorTitles":["letterSegments invariants (task 003)","letter A"],"fullName":"letterSegments invariants (task 003) letter A has no degenerate (zero-length) segments","status":"passed","title":"has no degenerate (zero-length) segments","duration":0.28310000000010405,"failureMessages":[],"meta":{},"tags":[]},{"ancestorTitles":["letterSegments invariants (task 003)","letter A"],"fullName":"letterSegments invariants (task 003) letter A keeps every segment endpoint inside the normalized canvas","status":"passed","title":"keeps every segment endpoint inside the normalized canvas","duration":0.6965000000000146,"failureMessages":[],"meta":{},"tags":[]},{"ancestorTitles":["letterSegments invariants (task 003)","letter B"],"fullName":"letterSegments invariants (task 003) letter B has non-empty id and displayLabel","status":"passed","title":"has non-empty id and displayLabel","duration":0.14580000000023574,"failureMessages":[],"meta":{},"tags":[]},{"ancestorTitles":["letterSegments invariants (task 003)","letter B"],"fullName":"letterSegments invariants (task 003) letter B has at least one segment","status":"passed","title":"has at least one segment","duration":0.11900000000014188,"failureMessages":[],"meta":{},"tags":[]},{"ancestorTitles":["letterSegments invariants (task 003)","letter B"],"fullName":"letterSegments invariants (task 003) letter B has no degenerate (zero-length) segments","status":"passed","title":"has no degenerate (zero-length) segments","duration":0.14900000000034197,"failureMessages":[],"meta":{},"tags":[]},{"ancestorTitles":["letterSegments invariants (task 003)","letter B"],"fullName":"letterSegments invariants (task 003) letter B keeps every segment endpoint inside the normalized canvas","status":"passed","title":"keeps every segment endpoint inside the normalized canvas","duration":0.37229999999999563,"failureMessages":[],"meta":{},"tags":[]},{"ancestorTitles":["letterSegments invariants (task 003)","letter C"],"fullName":"letterSegments invariants (task 003) letter C has non-empty id and displayLabel","status":"passed","title":"has non-empty id and displayLabel","duration":0.12469999999984793,"failureMessages":[],"meta":{},"tags":[]},{"ancestorTitles":["letterSegments invariants (task 003)","letter C"],"fullName":"letterSegments invariants (task 003) letter C has at least one segment","status":"passed","title":"has at least one segment","duration":0.0747999999998683,"failureMessages":[],"meta":{},"tags":[]},{"ancestorTitles":["letterSegments invariants (task 003)","letter C"],"fullName":"letterSegments invariants (task 003) letter C has no degenerate (zero-length) segments","status":"passed","title":"has no degenerate (zero-length) segments","duration":0.053999999999632564,"failureMessages":[],"meta":{},"tags":[]},{"ancestorTitles":["letterSegments invariants (task 003)","letter C"],"fullName":"letterSegments invariants (task 003) letter C keeps every segment endpoint inside the normalized canvas","status":"passed","title":"keeps every segment endpoint inside the normalized canvas","duration":0.12110000000029686,"failureMessages":[],"meta":{},"tags":[]},{"ancestorTitles":["letterSegments invariants (task 003)","letter D"],"fullName":"letterSegments invariants (task 003) letter D has non-empty id and displayLabel","status":"passed","title":"has non-empty id and displayLabel","duration":0.05139999999983047,"failureMessages":[],"meta":{},"tags":[]},{"ancestorTitles":["letterSegments invariants (task 003)","letter D"],"fullName":"letterSegments invariants (task 003) letter D has at least one segment","status":"passed","title":"has at least one segment","duration":0.03260000000000218,"failureMessages":[],"meta":{},"tags":[]},{"ancestorTitles":["letterSegments invariants (task 003)","letter D"],"fullName":"letterSegments invariants (task 003) letter D has no degenerate (zero-length) segments","status":"passed","title":"has no degenerate (zero-length) segments","duration":0.049399999999877764,"failureMessages":[],"meta":{},"tags":[]},{"ancestorTitles":["letterSegments invariants (task 003)","letter D"],"fullName":"letterSegments invariants (task 003) letter D keeps every segment endpoint inside the normalized canvas","status":"passed","title":"keeps every segment endpoint inside the normalized canvas","duration":0.1493000000000393,"failureMessages":[],"meta":{},"tags":[]},{"ancestorTitles":["letterSegments invariants (task 003)","letter E"],"fullName":"letterSegments invariants (task 003) letter E has non-empty id and displayLabel","status":"passed","title":"has non-empty id and displayLabel","duration":0.044900000000325235,"failureMessages":[],"meta":{},"tags":[]},{"ancestorTitles":["letterSegments invariants (task 003)","letter E"],"fullName":"letterSegments invariants (task 003) letter E has at least one segment","status":"passed","title":"has at least one segment","duration":0.030200000000149885,"failureMessages":[],"meta":{},"tags":[]},{"ancestorTitles":["letterSegments invariants (task 003)","letter E"],"fullName":"letterSegments invariants (task 003) letter E has no degenerate (zero-length) segments","status":"passed","title":"has no degenerate (zero-length) segments","duration":0.09730000000035943,"failureMessages":[],"meta":{},"tags":[]},{"ancestorTitles":["letterSegments invariants (task 003)","letter E"],"fullName":"letterSegments invariants (task 003) letter E keeps every segment endpoint inside the normalized canvas","status":"passed","title":"keeps every segment endpoint inside the normalized canvas","duration":0.35920000000032815,"failureMessages":[],"meta":{},"tags":[]},{"ancestorTitles":["letterSegments invariants (task 003)","letter F"],"fullName":"letterSegments invariants (task 003) letter F has non-empty id and displayLabel","status":"passed","title":"has non-empty id and displayLabel","duration":0.10609999999996944,"failureMessages":[],"meta":{},"tags":[]},{"ancestorTitles":["letterSegments invariants (task 003)","letter F"],"fullName":"letterSegments invariants (task 003) letter F has at least one segment","status":"passed","title":"has at least one segment","duration":0.060799999999744614,"failureMessages":[],"meta":{},"tags":[]},{"ancestorTitles":["letterSegments invariants (task 003)","letter F"],"fullName":"letterSegments invariants (task 003) letter F has no degenerate (zero-length) segments","status":"passed","title":"has no degenerate (zero-length) segments","duration":0.053299999999580905,"failureMessages":[],"meta":{},"tags":[]},{"ancestorTitles":["letterSegments invariants (task 003)","letter F"],"fullName":"letterSegments invariants (task 003) letter F keeps every segment endpoint inside the normalized canvas","status":"passed","title":"keeps every segment endpoint inside the normalized canvas","duration":0.282799999999952,"failureMessages":[],"meta":{},"tags":[]},{"ancestorTitles":["letterSegments invariants (task 003)","letter G"],"fullName":"letterSegments invariants (task 003) letter G has non-empty id and displayLabel","status":"passed","title":"has non-empty id and displayLabel","duration":0.06919999999990978,"failureMessages":[],"meta":{},"tags":[]},{"ancestorTitles":["letterSegments invariants (task 003)","letter G"],"fullName":"letterSegments invariants (task 003) letter G has at least one segment","status":"passed","title":"has at least one segment","duration":0.03850000000011278,"failureMessages":[],"meta":{},"tags":[]},{"ancestorTitles":["letterSegments invariants (task 003)","letter G"],"fullName":"letterSegments invariants (task 003) letter G has no degenerate (zero-length) segments","status":"passed","title":"has no degenerate (zero-length) segments","duration":0.05510000000003856,"failureMessages":[],"meta":{},"tags":[]},{"ancestorTitles":["letterSegments invariants (task 003)","letter G"],"fullName":"letterSegments invariants (task 003) letter G keeps every segment endpoint inside the normalized canvas","status":"passed","title":"keeps every segment endpoint inside the normalized canvas","duration":0.23090000000001965,"failureMessages":[],"meta":{},"tags":[]},{"ancestorTitles":["letterSegments invariants (task 003)","letter H"],"fullName":"letterSegments invariants (task 003) letter H has non-empty id and displayLabel","status":"passed","title":"has non-empty id and displayLabel","duration":0.05670000000009168,"failureMessages":[],"meta":{},"tags":[]},{"ancestorTitles":["letterSegments invariants (task 003)","letter H"],"fullName":"letterSegments invariants (task 003) letter H has at least one segment","status":"passed","title":"has at least one segment","duration":0.03320000000030632,"failureMessages":[],"meta":{},"tags":[]},{"ancestorTitles":["letterSegments invariants (task 003)","letter H"],"fullName":"letterSegments invariants (task 003) letter H has no degenerate (zero-length) segments","status":"passed","title":"has no degenerate (zero-length) segments","duration":0.048699999999826105,"failureMessages":[],"meta":{},"tags":[]},{"ancestorTitles":["letterSegments invariants (task 003)","letter H"],"fullName":"letterSegments invariants (task 003) letter H keeps every segment endpoint inside the normalized canvas","status":"passed","title":"keeps every segment endpoint inside the normalized canvas","duration":0.3251000000000204,"failureMessages":[],"meta":{},"tags":[]},{"ancestorTitles":["letterSegments invariants (task 003)","letter I"],"fullName":"letterSegments invariants (task 003) letter I has non-empty id and displayLabel","status":"passed","title":"has non-empty id and displayLabel","duration":0.0648999999998523,"failureMessages":[],"meta":{},"tags":[]},{"ancestorTitles":["letterSegments invariants (task 003)","letter I"],"fullName":"letterSegments invariants (task 003) letter I has at least one segment","status":"passed","title":"has at least one segment","duration":0.03519999999980428,"failureMessages":[],"meta":{},"tags":[]},{"ancestorTitles":["letterSegments invariants (task 003)","letter I"],"fullName":"letterSegments invariants (task 003) letter I has no degenerate (zero-length) segments","status":"passed","title":"has no degenerate (zero-length) segments","duration":0.060500000000047294,"failureMessages":[],"meta":{},"tags":[]},{"ancestorTitles":["letterSegments invariants (task 003)","letter I"],"fullName":"letterSegments invariants (task 003) letter I keeps every segment endpoint inside the normalized canvas","status":"passed","title":"keeps every segment endpoint inside the normalized canvas","duration":0.218199999999797,"failureMessages":[],"meta":{},"tags":[]},{"ancestorTitles":["letterSegments invariants (task 003)","letter J"],"fullName":"letterSegments invariants (task 003) letter J has non-empty id and displayLabel","status":"passed","title":"has non-empty id and displayLabel","duration":0.05230000000028667,"failureMessages":[],"meta":{},"tags":[]},{"ancestorTitles":["letterSegments invariants (task 003)","letter J"],"fullName":"letterSegments invariants (task 003) letter J has at least one segment","status":"passed","title":"has at least one segment","duration":0.03099999999994907,"failureMessages":[],"meta":{},"tags":[]},{"ancestorTitles":["letterSegments invariants (task 003)","letter J"],"fullName":"letterSegments invariants (task 003) letter J has no degenerate (zero-length) segments","status":"passed","title":"has no degenerate (zero-length) segments","duration":0.042400000000270666,"failureMessages":[],"meta":{},"tags":[]},{"ancestorTitles":["letterSegments invariants (task 003)","letter J"],"fullName":"letterSegments invariants (task 003) letter J keeps every segment endpoint inside the normalized canvas","status":"passed","title":"keeps every segment endpoint inside the normalized canvas","duration":0.16719999999986612,"failureMessages":[],"meta":{},"tags":[]},{"ancestorTitles":["letterSegments invariants (task 003)","letter K"],"fullName":"letterSegments invariants (task 003) letter K has non-empty id and displayLabel","status":"passed","title":"has non-empty id and displayLabel","duration":0.048699999999826105,"failureMessages":[],"meta":{},"tags":[]},{"ancestorTitles":["letterSegments invariants (task 003)","letter K"],"fullName":"letterSegments invariants (task 003) letter K has at least one segment","status":"passed","title":"has at least one segment","duration":0.031800000000203,"failureMessages":[],"meta":{},"tags":[]},{"ancestorTitles":["letterSegments invariants (task 003)","letter K"],"fullName":"letterSegments invariants (task 003) letter K has no degenerate (zero-length) segments","status":"passed","title":"has no degenerate (zero-length) segments","duration":0.046300000000428554,"failureMessages":[],"meta":{},"tags":[]},{"ancestorTitles":["letterSegments invariants (task 003)","letter K"],"fullName":"letterSegments invariants (task 003) letter K keeps every segment endpoint inside the normalized canvas","status":"passed","title":"keeps every segment endpoint inside the normalized canvas","duration":0.2585999999996602,"failureMessages":[],"meta":{},"tags":[]},{"ancestorTitles":["letterSegments invariants (task 003)","letter L"],"fullName":"letterSegments invariants (task 003) letter L has non-empty id and displayLabel","status":"passed","title":"has non-empty id and displayLabel","duration":0.048699999999826105,"failureMessages":[],"meta":{},"tags":[]},{"ancestorTitles":["letterSegments invariants (task 003)","letter L"],"fullName":"letterSegments invariants (task 003) letter L has at least one segment","status":"passed","title":"has at least one segment","duration":0.027300000000195723,"failureMessages":[],"meta":{},"tags":[]},{"ancestorTitles":["letterSegments invariants (task 003)","letter L"],"fullName":"letterSegments invariants (task 003) letter L has no degenerate (zero-length) segments","status":"passed","title":"has no degenerate (zero-length) segments","duration":0.05110000000013315,"failureMessages":[],"meta":{},"tags":[]},{"ancestorTitles":["letterSegments invariants (task 003)","letter L"],"fullName":"letterSegments invariants (task 003) letter L keeps every segment endpoint inside the normalized canvas","status":"passed","title":"keeps every segment endpoint inside the normalized canvas","duration":0.24880000000030122,"failureMessages":[],"meta":{},"tags":[]},{"ancestorTitles":["letterSegments invariants (task 003)","letter M"],"fullName":"letterSegments invariants (task 003) letter M has non-empty id and displayLabel","status":"passed","title":"has non-empty id and displayLabel","duration":0.08670000000029177,"failureMessages":[],"meta":{},"tags":[]},{"ancestorTitles":["letterSegments invariants (task 003)","letter M"],"fullName":"letterSegments invariants (task 003) letter M has at least one segment","status":"passed","title":"has at least one segment","duration":0.048800000000028376,"failureMessages":[],"meta":{},"tags":[]},{"ancestorTitles":["letterSegments invariants (task 003)","letter M"],"fullName":"letterSegments invariants (task 003) letter M has no degenerate (zero-length) segments","status":"passed","title":"has no degenerate (zero-length) segments","duration":0.05249999999978172,"failureMessages":[],"meta":{},"tags":[]},{"ancestorTitles":["letterSegments invariants (task 003)","letter M"],"fullName":"letterSegments invariants (task 003) letter M keeps every segment endpoint inside the normalized canvas","status":"passed","title":"keeps every segment endpoint inside the normalized canvas","duration":0.3113000000003012,"failureMessages":[],"meta":{},"tags":[]},{"ancestorTitles":["letterSegments invariants (task 003)","letter N"],"fullName":"letterSegments invariants (task 003) letter N has non-empty id and displayLabel","status":"passed","title":"has non-empty id and displayLabel","duration":0.042000000000371074,"failureMessages":[],"meta":{},"tags":[]},{"ancestorTitles":["letterSegments invariants (task 003)","letter N"],"fullName":"letterSegments invariants (task 003) letter N has at least one segment","status":"passed","title":"has at least one segment","duration":0.027700000000095315,"failureMessages":[],"meta":{},"tags":[]},{"ancestorTitles":["letterSegments invariants (task 003)","letter N"],"fullName":"letterSegments invariants (task 003) letter N has no degenerate (zero-length) segments","status":"passed","title":"has no degenerate (zero-length) segments","duration":0.0603000000000975,"failureMessages":[],"meta":{},"tags":[]},{"ancestorTitles":["letterSegments invariants (task 003)","letter N"],"fullName":"letterSegments invariants (task 003) letter N keeps every segment endpoint inside the normalized canvas","status":"passed","title":"keeps every segment endpoint inside the normalized canvas","duration":0.18889999999964857,"failureMessages":[],"meta":{},"tags":[]},{"ancestorTitles":["letterSegments invariants (task 003)","letter O"],"fullName":"letterSegments invariants (task 003) letter O has non-empty id and displayLabel","status":"passed","title":"has non-empty id and displayLabel","duration":0.03690000000005966,"failureMessages":[],"meta":{},"tags":[]},{"ancestorTitles":["letterSegments invariants (task 003)","letter O"],"fullName":"letterSegments invariants (task 003) letter O has at least one segment","status":"passed","title":"has at least one segment","duration":0.024600000000191358,"failureMessages":[],"meta":{},"tags":[]},{"ancestorTitles":["letterSegments invariants (task 003)","letter O"],"fullName":"letterSegments invariants (task 003) letter O has no degenerate (zero-length) segments","status":"passed","title":"has no degenerate (zero-length) segments","duration":0.02500000000009095,"failureMessages":[],"meta":{},"tags":[]},{"ancestorTitles":["letterSegments invariants (task 003)","letter O"],"fullName":"letterSegments invariants (task 003) letter O keeps every segment endpoint inside the normalized canvas","status":"passed","title":"keeps every segment endpoint inside the normalized canvas","duration":0.07809999999972206,"failureMessages":[],"meta":{},"tags":[]},{"ancestorTitles":["letterSegments invariants (task 003)","letter P"],"fullName":"letterSegments invariants (task 003) letter P has non-empty id and displayLabel","status":"passed","title":"has non-empty id and displayLabel","duration":0.03499999999985448,"failureMessages":[],"meta":{},"tags":[]},{"ancestorTitles":["letterSegments invariants (task 003)","letter P"],"fullName":"letterSegments invariants (task 003) letter P has at least one segment","status":"passed","title":"has at least one segment","duration":0.02430000000003929,"failureMessages":[],"meta":{},"tags":[]},{"ancestorTitles":["letterSegments invariants (task 003)","letter P"],"fullName":"letterSegments invariants (task 003) letter P has no degenerate (zero-length) segments","status":"passed","title":"has no degenerate (zero-length) segments","duration":0.03710000000000946,"failureMessages":[],"meta":{},"tags":[]},{"ancestorTitles":["letterSegments invariants (task 003)","letter P"],"fullName":"letterSegments invariants (task 003) letter P keeps every segment endpoint inside the normalized canvas","status":"passed","title":"keeps every segment endpoint inside the normalized canvas","duration":0.2242999999998574,"failureMessages":[],"meta":{},"tags":[]},{"ancestorTitles":["letterSegments invariants (task 003)","letter Q"],"fullName":"letterSegments invariants (task 003) letter Q has non-empty id and displayLabel","status":"passed","title":"has non-empty id and displayLabel","duration":0.0543999999999869,"failureMessages":[],"meta":{},"tags":[]},{"ancestorTitles":["letterSegments invariants (task 003)","letter Q"],"fullName":"letterSegments invariants (task 003) letter Q has at least one segment","status":"passed","title":"has at least one segment","duration":0.027700000000095315,"failureMessages":[],"meta":{},"tags":[]},{"ancestorTitles":["letterSegments invariants (task 003)","letter Q"],"fullName":"letterSegments invariants (task 003) letter Q has no degenerate (zero-length) segments","status":"passed","title":"has no degenerate (zero-length) segments","duration":0.035600000000158616,"failureMessages":[],"meta":{},"tags":[]},{"ancestorTitles":["letterSegments invariants (task 003)","letter Q"],"fullName":"letterSegments invariants (task 003) letter Q keeps every segment endpoint inside the normalized canvas","status":"passed","title":"keeps every segment endpoint inside the normalized canvas","duration":0.15299999999979264,"failureMessages":[],"meta":{},"tags":[]},{"ancestorTitles":["letterSegments invariants (task 003)","letter R"],"fullName":"letterSegments invariants (task 003) letter R has non-empty id and displayLabel","status":"passed","title":"has non-empty id and displayLabel","duration":0.07340000000021973,"failureMessages":[],"meta":{},"tags":[]},{"ancestorTitles":["letterSegments invariants (task 003)","letter R"],"fullName":"letterSegments invariants (task 003) letter R has at least one segment","status":"passed","title":"has at least one segment","duration":0.03720000000021173,"failureMessages":[],"meta":{},"tags":[]},{"ancestorTitles":["letterSegments invariants (task 003)","letter R"],"fullName":"letterSegments invariants (task 003) letter R has no degenerate (zero-length) segments","status":"passed","title":"has no degenerate (zero-length) segments","duration":0.06610000000000582,"failureMessages":[],"meta":{},"tags":[]},{"ancestorTitles":["letterSegments invariants (task 003)","letter R"],"fullName":"letterSegments invariants (task 003) letter R keeps every segment endpoint inside the normalized canvas","status":"passed","title":"keeps every segment endpoint inside the normalized canvas","duration":0.3009999999999309,"failureMessages":[],"meta":{},"tags":[]},{"ancestorTitles":["letterSegments invariants (task 003)","letter S"],"fullName":"letterSegments invariants (task 003) letter S has non-empty id and displayLabel","status":"passed","title":"has non-empty id and displayLabel","duration":0.06890000000021246,"failureMessages":[],"meta":{},"tags":[]},{"ancestorTitles":["letterSegments invariants (task 003)","letter S"],"fullName":"letterSegments invariants (task 003) letter S has at least one segment","status":"passed","title":"has at least one segment","duration":0.030499999999847205,"failureMessages":[],"meta":{},"tags":[]},{"ancestorTitles":["letterSegments invariants (task 003)","letter S"],"fullName":"letterSegments invariants (task 003) letter S has no degenerate (zero-length) segments","status":"passed","title":"has no degenerate (zero-length) segments","duration":0.03279999999995198,"failureMessages":[],"meta":{},"tags":[]},{"ancestorTitles":["letterSegments invariants (task 003)","letter S"],"fullName":"letterSegments invariants (task 003) letter S keeps every segment endpoint inside the normalized canvas","status":"passed","title":"keeps every segment endpoint inside the normalized canvas","duration":0.07510000000002037,"failureMessages":[],"meta":{},"tags":[]},{"ancestorTitles":["letterSegments invariants (task 003)","letter T"],"fullName":"letterSegments invariants (task 003) letter T has non-empty id and displayLabel","status":"passed","title":"has non-empty id and displayLabel","duration":0.032299999999850115,"failureMessages":[],"meta":{},"tags":[]},{"ancestorTitles":["letterSegments invariants (task 003)","letter T"],"fullName":"letterSegments invariants (task 003) letter T has at least one segment","status":"passed","title":"has at least one segment","duration":0.028099999999994907,"failureMessages":[],"meta":{},"tags":[]},{"ancestorTitles":["letterSegments invariants (task 003)","letter T"],"fullName":"letterSegments invariants (task 003) letter T has no degenerate (zero-length) segments","status":"passed","title":"has no degenerate (zero-length) segments","duration":0.03240000000005239,"failureMessages":[],"meta":{},"tags":[]},{"ancestorTitles":["letterSegments invariants (task 003)","letter T"],"fullName":"letterSegments invariants (task 003) letter T keeps every segment endpoint inside the normalized canvas","status":"passed","title":"keeps every segment endpoint inside the normalized canvas","duration":0.2387999999996282,"failureMessages":[],"meta":{},"tags":[]},{"ancestorTitles":["letterSegments invariants (task 003)","letter U"],"fullName":"letterSegments invariants (task 003) letter U has non-empty id and displayLabel","status":"passed","title":"has non-empty id and displayLabel","duration":0.05430000000023938,"failureMessages":[],"meta":{},"tags":[]},{"ancestorTitles":["letterSegments invariants (task 003)","letter U"],"fullName":"letterSegments invariants (task 003) letter U has at least one segment","status":"passed","title":"has at least one segment","duration":0.028299999999944703,"failureMessages":[],"meta":{},"tags":[]},{"ancestorTitles":["letterSegments invariants (task 003)","letter U"],"fullName":"letterSegments invariants (task 003) letter U has no degenerate (zero-length) segments","status":"passed","title":"has no degenerate (zero-length) segments","duration":0.03849999999965803,"failureMessages":[],"meta":{},"tags":[]},{"ancestorTitles":["letterSegments invariants (task 003)","letter U"],"fullName":"letterSegments invariants (task 003) letter U keeps every segment endpoint inside the normalized canvas","status":"passed","title":"keeps every segment endpoint inside the normalized canvas","duration":0.1530999999999949,"failureMessages":[],"meta":{},"tags":[]},{"ancestorTitles":["letterSegments invariants (task 003)","letter V"],"fullName":"letterSegments invariants (task 003) letter V has non-empty id and displayLabel","status":"passed","title":"has non-empty id and displayLabel","duration":0.05749999999989086,"failureMessages":[],"meta":{},"tags":[]},{"ancestorTitles":["letterSegments invariants (task 003)","letter V"],"fullName":"letterSegments invariants (task 003) letter V has at least one segment","status":"passed","title":"has at least one segment","duration":0.04039999999986321,"failureMessages":[],"meta":{},"tags":[]},{"ancestorTitles":["letterSegments invariants (task 003)","letter V"],"fullName":"letterSegments invariants (task 003) letter V has no degenerate (zero-length) segments","status":"passed","title":"has no degenerate (zero-length) segments","duration":0.04419999999981883,"failureMessages":[],"meta":{},"tags":[]},{"ancestorTitles":["letterSegments invariants (task 003)","letter V"],"fullName":"letterSegments invariants (task 003) letter V keeps every segment endpoint inside the normalized canvas","status":"passed","title":"keeps every segment endpoint inside the normalized canvas","duration":0.1878999999998996,"failureMessages":[],"meta":{},"tags":[]},{"ancestorTitles":["letterSegments invariants (task 003)","letter W"],"fullName":"letterSegments invariants (task 003) letter W has non-empty id and displayLabel","status":"passed","title":"has non-empty id and displayLabel","duration":0.04400000000032378,"failureMessages":[],"meta":{},"tags":[]},{"ancestorTitles":["letterSegments invariants (task 003)","letter W"],"fullName":"letterSegments invariants (task 003) letter W has at least one segment","status":"passed","title":"has at least one segment","duration":0.027300000000195723,"failureMessages":[],"meta":{},"tags":[]},{"ancestorTitles":["letterSegments invariants (task 003)","letter W"],"fullName":"letterSegments invariants (task 003) letter W has no degenerate (zero-length) segments","status":"passed","title":"has no degenerate (zero-length) segments","duration":0.0498000000002321,"failureMessages":[],"meta":{},"tags":[]},{"ancestorTitles":["letterSegments invariants (task 003)","letter W"],"fullName":"letterSegments invariants (task 003) letter W keeps every segment endpoint inside the normalized canvas","status":"passed","title":"keeps every segment endpoint inside the normalized canvas","duration":0.43349999999963984,"failureMessages":[],"meta":{},"tags":[]},{"ancestorTitles":["letterSegments invariants (task 003)","letter X"],"fullName":"letterSegments invariants (task 003) letter X has non-empty id and displayLabel","status":"passed","title":"has non-empty id and displayLabel","duration":0.07130000000006476,"failureMessages":[],"meta":{},"tags":[]},{"ancestorTitles":["letterSegments invariants (task 003)","letter X"],"fullName":"letterSegments invariants (task 003) letter X has at least one segment","status":"passed","title":"has at least one segment","duration":0.035799999999653664,"failureMessages":[],"meta":{},"tags":[]},{"ancestorTitles":["letterSegments invariants (task 003)","letter X"],"fullName":"letterSegments invariants (task 003) letter X has no degenerate (zero-length) segments","status":"passed","title":"has no degenerate (zero-length) segments","duration":0.047700000000077125,"failureMessages":[],"meta":{},"tags":[]},{"ancestorTitles":["letterSegments invariants (task 003)","letter X"],"fullName":"letterSegments invariants (task 003) letter X keeps every segment endpoint inside the normalized canvas","status":"passed","title":"keeps every segment endpoint inside the normalized canvas","duration":0.2220999999999549,"failureMessages":[],"meta":{},"tags":[]},{"ancestorTitles":["letterSegments invariants (task 003)","letter Y"],"fullName":"letterSegments invariants (task 003) letter Y has non-empty id and displayLabel","status":"passed","title":"has non-empty id and displayLabel","duration":0.07770000000027721,"failureMessages":[],"meta":{},"tags":[]},{"ancestorTitles":["letterSegments invariants (task 003)","letter Y"],"fullName":"letterSegments invariants (task 003) letter Y has at least one segment","status":"passed","title":"has at least one segment","duration":0.04440000000022337,"failureMessages":[],"meta":{},"tags":[]},{"ancestorTitles":["letterSegments invariants (task 003)","letter Y"],"fullName":"letterSegments invariants (task 003) letter Y has no degenerate (zero-length) segments","status":"passed","title":"has no degenerate (zero-length) segments","duration":0.0704000000000633,"failureMessages":[],"meta":{},"tags":[]},{"ancestorTitles":["letterSegments invariants (task 003)","letter Y"],"fullName":"letterSegments invariants (task 003) letter Y keeps every segment endpoint inside the normalized canvas","status":"passed","title":"keeps every segment endpoint inside the normalized canvas","duration":0.3383000000003449,"failureMessages":[],"meta":{},"tags":[]},{"ancestorTitles":["letterSegments invariants (task 003)","letter Z"],"fullName":"letterSegments invariants (task 003) letter Z has non-empty id and displayLabel","status":"passed","title":"has non-empty id and displayLabel","duration":0.14949999999998909,"failureMessages":[],"meta":{},"tags":[]},{"ancestorTitles":["letterSegments invariants (task 003)","letter Z"],"fullName":"letterSegments invariants (task 003) letter Z has at least one segment","status":"passed","title":"has at least one segment","duration":0.12609999999995125,"failureMessages":[],"meta":{},"tags":[]},{"ancestorTitles":["letterSegments invariants (task 003)","letter Z"],"fullName":"letterSegments invariants (task 003) letter Z has no degenerate (zero-length) segments","status":"passed","title":"has no degenerate (zero-length) segments","duration":0.18220000000019354,"failureMessages":[],"meta":{},"tags":[]},{"ancestorTitles":["letterSegments invariants (task 003)","letter Z"],"fullName":"letterSegments invariants (task 003) letter Z keeps every segment endpoint inside the normalized canvas","status":"passed","title":"keeps every segment endpoint inside the normalized canvas","duration":0.5001999999999498,"failureMessages":[],"meta":{},"tags":[]}],"startTime":1789129787516,"endTime":1789129787532.5002,"status":"passed","message":"","name":"C:/Users/ambhjelmervik/Documents/Projects/CuriousLearning/TracingGame/src/data/letterSegments/__tests__/letters.test.ts"}]}